<?xml version="1.0" encoding="UTF-8"?>
<!-- Generated by org.testng.reporters.JUnitReportReporter -->
<testsuite skipped="0" hostname="LAPTOP-MRKFMKLC" name="testscripts.FourthTest" tests="1" failures="0" timestamp="2023-02-28T14:12:27 IST" time="18.339" errors="0">
  <testcase name="fourthTest" time="18.339" classname="testscripts.FourthTest"/>
  <system-out/>
</testsuite> <!-- testscripts.FourthTest -->
