<?xml version="1.0" encoding="UTF-8"?>
<!-- Generated by org.testng.reporters.JUnitReportReporter -->
<testsuite skipped="0" hostname="LAPTOP-MRKFMKLC" name="testscripts.FirstTest" tests="1" failures="0" timestamp="2023-02-28T14:17:56 IST" time="15.572" errors="0">
  <testcase name="firstTest" time="15.572" classname="testscripts.FirstTest"/>
  <system-out/>
</testsuite> <!-- testscripts.FirstTest -->
