<?xml version="1.0" encoding="UTF-8"?>
<!-- Generated by org.testng.reporters.JUnitReportReporter -->
<testsuite skipped="0" hostname="LAPTOP-MRKFMKLC" name="testscripts.SecondTest" tests="1" failures="0" timestamp="2023-02-28T13:10:27 IST" time="39.939" errors="0">
  <testcase name="secondTest" time="39.939" classname="testscripts.SecondTest"/>
  <system-out/>
</testsuite> <!-- testscripts.SecondTest -->
